<?xml version="1.0" encoding="UTF-8"?>
<!-- Generated by org.testng.reporters.JUnitReportReporter -->
<testsuite hostname="RIS-qB65DrhV8HK" failures="0" tests="1" name="testCases.TC002_ManageProducts" time="28.604" errors="0" timestamp="2022-08-28T12:39:47 CDT" skipped="0">
  <testcase classname="testCases.TC002_ManageProducts" name="LoginTest" time="28.604"/>
  <system-out/>
</testsuite> <!-- testCases.TC002_ManageProducts -->
