<?xml version="1.0" encoding="UTF-8"?>
<!-- Generated by org.testng.reporters.JUnitReportReporter -->
<testsuite hostname="RIS-qB65DrhV8HK" failures="0" tests="1" name="apiPackage.GetRequests" time="0.896" errors="0" timestamp="2022-08-26T10:27:36 CDT" skipped="0">
  <testcase classname="apiPackage.GetRequests" name="test1" time="0.896"/>
  <system-out/>
</testsuite> <!-- apiPackage.GetRequests -->
