<?xml version="1.0" encoding="UTF-8"?>
<!-- Generated by org.testng.reporters.JUnitReportReporter -->
<testsuite hostname="RIS-qB65DrhV8HK" failures="0" tests="1" name="testCases.TC001_CheckingOut" time="52.058" errors="0" timestamp="2022-08-28T12:39:47 CDT" skipped="0">
  <testcase classname="testCases.TC001_CheckingOut" name="LoginTest" time="52.058"/>
  <system-out/>
</testsuite> <!-- testCases.TC001_CheckingOut -->
