<?xml version="1.0" encoding="UTF-8"?>
<!-- Generated by org.testng.reporters.JUnitReportReporter -->
<testsuite hostname="RIS-qB65DrhV8HK" failures="0" tests="1" name="testCases.TC003_SignUp" time="28.394" errors="0" timestamp="2022-08-24T18:15:24 CDT" skipped="0">
  <testcase classname="testCases.TC003_SignUp" name="SignUpTest" time="28.394"/>
  <system-out/>
</testsuite> <!-- testCases.TC003_SignUp -->
